<?xml version="1.0" encoding="UTF-8"?>
<!-- Generated by org.testng.reporters.JUnitReportReporter -->
<testsuite hostname="DESKTOP-7KL8VML" failures="0" tests="3" name="com.testng.DependsOnGroups" time="0.034" errors="0" timestamp="2020-06-09T16:29:29 EDT" skipped="0">
  <testcase classname="com.testng.DependsOnGroups" name="login" time="0.006"/>
  <system-out/>
  <testcase classname="com.testng.DependsOnGroups" name="Search" time="0.019"/>
  <system-out/>
  <testcase classname="com.testng.DependsOnGroups" name="logout" time="0.009"/>
  <system-out/>
</testsuite> <!-- com.testng.DependsOnGroups -->
