<?xml version="1.0" encoding="UTF-8"?>
<!-- Generated by org.testng.reporters.JUnitReportReporter -->
<testsuite hostname="DESKTOP-7KL8VML" failures="0" tests="1" name="com.testng.NewTest" time="0.009" errors="0" timestamp="2020-06-03T22:34:00 EDT" skipped="0">
  <testcase classname="com.testng.NewTest" name="testcase1" time="0.009"/>
  <system-out/>
</testsuite> <!-- com.testng.NewTest -->
