<?xml version="1.0" encoding="UTF-8"?>
<!-- Generated by org.testng.reporters.JUnitReportReporter -->
<testsuite hostname="DESKTOP-7KL8VML" failures="0" tests="2" name="com.testng.Testngexample" time="4.517" errors="0" timestamp="2020-06-03T21:57:18 EDT" skipped="0">
  <testcase classname="com.testng.Testngexample" name="loginPage" time="2.139"/>
  <system-out/>
  <testcase classname="com.testng.Testngexample" name="adminPage" time="2.378"/>
  <system-out/>
</testsuite> <!-- com.testng.Testngexample -->
