<?xml version="1.0" encoding="UTF-8"?>
<!-- Generated by org.testng.reporters.JUnitReportReporter -->
<testsuite hostname="DESKTOP-7KL8VML" failures="0" tests="3" name="com.testng.DependenceuponMethods" time="0.026" errors="0" timestamp="2020-06-09T16:31:32 EDT" skipped="0">
  <testcase classname="com.testng.DependenceuponMethods" name="login" time="0.016"/>
  <system-out/>
  <testcase classname="com.testng.DependenceuponMethods" name="logout" time="0.005"/>
  <system-out/>
  <testcase classname="com.testng.DependenceuponMethods" name="search" time="0.005"/>
  <system-out/>
</testsuite> <!-- com.testng.DependenceuponMethods -->
