<?xml version="1.0" encoding="UTF-8"?>
<!-- Generated by org.testng.reporters.JUnitReportReporter -->
<testsuite hostname="DESKTOP-7KL8VML" failures="0" tests="1" name="com.testcase.AlertHandling" time="7.112" errors="0" timestamp="2020-06-08T18:19:47 EDT" skipped="0">
  <testcase classname="com.testcase.AlertHandling" name="login" time="7.112"/>
  <system-out/>
</testsuite> <!-- com.testcase.AlertHandling -->
