<?xml version="1.0" encoding="UTF-8"?>
<!-- Generated by org.testng.reporters.JUnitReportReporter -->
<testsuite hostname="DESKTOP-7KL8VML" failures="0" tests="1" name="Redbusinhomework" time="7.203" errors="0" timestamp="2020-06-08T19:50:00 EDT" skipped="0">
  <testcase classname="Redbusinhomework" name="login" time="7.203"/>
  <system-out/>
</testsuite> <!-- Redbusinhomework -->
