<?xml version="1.0" encoding="UTF-8"?>
<!-- Generated by org.testng.reporters.JUnitReportReporter -->
<testsuite hostname="DESKTOP-7KL8VML" failures="0" tests="3" name="com.testng.Prioritytestcase" time="0.034" errors="0" timestamp="2020-06-03T20:15:25 EDT" skipped="0">
  <testcase classname="com.testng.Prioritytestcase" name="testcase1" time="0.022"/>
  <system-out/>
  <testcase classname="com.testng.Prioritytestcase" name="testcase3" time="0.008"/>
  <system-out/>
  <testcase classname="com.testng.Prioritytestcase" name="testcase2" time="0.004"/>
  <system-out/>
</testsuite> <!-- com.testng.Prioritytestcase -->
