<?xml version="1.0" encoding="UTF-8"?>
<!-- Generated by org.testng.reporters.JUnitReportReporter -->
<testsuite hostname="DESKTOP-7KL8VML" failures="0" tests="1" name="com.testcase.ScrollDown" time="11.387" errors="0" timestamp="2020-06-08T18:35:06 EDT" skipped="0">
  <testcase classname="com.testcase.ScrollDown" name="login" time="11.387"/>
  <system-out/>
</testsuite> <!-- com.testcase.ScrollDown -->
