<?xml version="1.0" encoding="UTF-8"?>
<!-- Generated by org.testng.reporters.JUnitReportReporter -->
<testsuite hostname="DESKTOP-7KL8VML" failures="0" tests="1" name="com.testng.DependenceuponMethods" time="0.020" errors="0" timestamp="2020-06-04T13:22:11 EDT" skipped="0">
  <testcase classname="com.testng.DependenceuponMethods" name="login" time="0.020"/>
  <system-out/>
</testsuite> <!-- com.testng.DependenceuponMethods -->
