<?xml version="1.0" encoding="UTF-8"?>
<!-- Generated by org.testng.reporters.JUnitReportReporter -->
<testsuite hostname="DESKTOP-7KL8VML" failures="0" tests="3" name="com.testng.DependsOnGroups" time="0.017" errors="0" timestamp="2020-06-08T18:40:46 EDT" skipped="0">
  <testcase classname="com.testng.DependsOnGroups" name="Search" time="0.013"/>
  <system-out/>
  <testcase classname="com.testng.DependsOnGroups" name="login" time="0.002"/>
  <system-out/>
  <testcase classname="com.testng.DependsOnGroups" name="logout" time="0.002"/>
  <system-out/>
</testsuite> <!-- com.testng.DependsOnGroups -->
